EDA Netlist Writer report for IIR_filter
Mon Oct 21 12:27:09 2019
Quartus II Version 11.0 Build 208 07/03/2011 Service Pack 1 SJ Web Edition


---------------------
; Table of Contents ;
---------------------
  1. Legal Notice
  2. EDA Netlist Writer Summary
  3. Simulation Settings
  4. Simulation Generated Files
  5. EDA Netlist Writer Messages



----------------
; Legal Notice ;
----------------
Copyright (C) 1991-2011 Altera Corporation
Your use of Altera Corporation's design tools, logic functions 
and other software and tools, and its AMPP partner logic 
functions, and any output files from any of the foregoing 
(including device programming or simulation files), and any 
associated documentation or information are expressly subject 
to the terms and conditions of the Altera Program License 
Subscription Agreement, Altera MegaCore Function License 
Agreement, or other applicable license agreement, including, 
without limitation, that your use is for the sole purpose of 
programming logic devices manufactured by Altera and sold by 
Altera or its authorized distributors.  Please refer to the 
applicable agreement for further details.



+-------------------------------------------------------------------+
; EDA Netlist Writer Summary                                        ;
+---------------------------+---------------------------------------+
; EDA Netlist Writer Status ; Successful - Mon Oct 21 12:27:09 2019 ;
; Revision Name             ; IIR_filter                            ;
; Top-level Entity Name     ; IIR_filter                            ;
; Family                    ; Cyclone IV GX                         ;
; Simulation Files Creation ; Successful                            ;
+---------------------------+---------------------------------------+


+----------------------------------------------------------------------------------------------------------------------------+
; Simulation Settings                                                                                                        ;
+---------------------------------------------------------------------------------------------------+------------------------+
; Option                                                                                            ; Setting                ;
+---------------------------------------------------------------------------------------------------+------------------------+
; Tool Name                                                                                         ; ModelSim-Altera (VHDL) ;
; Generate netlist for functional simulation only                                                   ; Off                    ;
; Time scale                                                                                        ; 1 ps                   ;
; Truncate long hierarchy paths                                                                     ; Off                    ;
; Map illegal HDL characters                                                                        ; Off                    ;
; Flatten buses into individual nodes                                                               ; Off                    ;
; Maintain hierarchy                                                                                ; Off                    ;
; Bring out device-wide set/reset signals as ports                                                  ; Off                    ;
; Enable glitch filtering                                                                           ; Off                    ;
; Do not write top level VHDL entity                                                                ; Off                    ;
; Disable detection of setup and hold time violations in the input registers of bi-directional pins ; Off                    ;
; Architecture name in VHDL output netlist                                                          ; structure              ;
; Generate third-party EDA tool command script for RTL functional simulation                        ; Off                    ;
; Generate third-party EDA tool command script for gate-level simulation                            ; Off                    ;
+---------------------------------------------------------------------------------------------------+------------------------+


+----------------------------------------------------------------------------------------------------------------------------------------------------+
; Simulation Generated Files                                                                                                                         ;
+----------------------------------------------------------------------------------------------------------------------------------------------------+
; Generated Files                                                                                                                                    ;
+----------------------------------------------------------------------------------------------------------------------------------------------------+
; /media/tesla/Storage/Linux/Scrivania/Progetti_work/git/ISA_lab/Lab1/4_Design_and_Sim/sim/simulation/modelsim/IIR_filter_6_1200mv_85c_slow.vho      ;
; /media/tesla/Storage/Linux/Scrivania/Progetti_work/git/ISA_lab/Lab1/4_Design_and_Sim/sim/simulation/modelsim/IIR_filter_6_1200mv_0c_slow.vho       ;
; /media/tesla/Storage/Linux/Scrivania/Progetti_work/git/ISA_lab/Lab1/4_Design_and_Sim/sim/simulation/modelsim/IIR_filter_min_1200mv_0c_fast.vho     ;
; /media/tesla/Storage/Linux/Scrivania/Progetti_work/git/ISA_lab/Lab1/4_Design_and_Sim/sim/simulation/modelsim/IIR_filter.vho                        ;
; /media/tesla/Storage/Linux/Scrivania/Progetti_work/git/ISA_lab/Lab1/4_Design_and_Sim/sim/simulation/modelsim/IIR_filter_6_1200mv_85c_vhd_slow.sdo  ;
; /media/tesla/Storage/Linux/Scrivania/Progetti_work/git/ISA_lab/Lab1/4_Design_and_Sim/sim/simulation/modelsim/IIR_filter_6_1200mv_0c_vhd_slow.sdo   ;
; /media/tesla/Storage/Linux/Scrivania/Progetti_work/git/ISA_lab/Lab1/4_Design_and_Sim/sim/simulation/modelsim/IIR_filter_min_1200mv_0c_vhd_fast.sdo ;
; /media/tesla/Storage/Linux/Scrivania/Progetti_work/git/ISA_lab/Lab1/4_Design_and_Sim/sim/simulation/modelsim/IIR_filter_vhd.sdo                    ;
+----------------------------------------------------------------------------------------------------------------------------------------------------+


+-----------------------------+
; EDA Netlist Writer Messages ;
+-----------------------------+
Info: *******************************************************************
Info: Running Quartus II EDA Netlist Writer
    Info: Version 11.0 Build 208 07/03/2011 Service Pack 1 SJ Web Edition
    Info: Processing started: Mon Oct 21 12:27:07 2019
Info: Command: quartus_eda --read_settings_files=off --write_settings_files=off IIR_filter -c IIR_filter
Info: Generated simulation netlist will be non-hierarchical because the design has SignalTap II partitions, termination control logic and/or a design partition that contains bidirectional ports
Info: Generated file IIR_filter_6_1200mv_85c_slow.vho in folder "/media/tesla/Storage/Linux/Scrivania/Progetti_work/git/ISA_lab/Lab1/4_Design_and_Sim/sim/simulation/modelsim/" for EDA simulation tool
Info: Generated file IIR_filter_6_1200mv_0c_slow.vho in folder "/media/tesla/Storage/Linux/Scrivania/Progetti_work/git/ISA_lab/Lab1/4_Design_and_Sim/sim/simulation/modelsim/" for EDA simulation tool
Info: Generated file IIR_filter_min_1200mv_0c_fast.vho in folder "/media/tesla/Storage/Linux/Scrivania/Progetti_work/git/ISA_lab/Lab1/4_Design_and_Sim/sim/simulation/modelsim/" for EDA simulation tool
Info: Generated file IIR_filter.vho in folder "/media/tesla/Storage/Linux/Scrivania/Progetti_work/git/ISA_lab/Lab1/4_Design_and_Sim/sim/simulation/modelsim/" for EDA simulation tool
Info: Generated file IIR_filter_6_1200mv_85c_vhd_slow.sdo in folder "/media/tesla/Storage/Linux/Scrivania/Progetti_work/git/ISA_lab/Lab1/4_Design_and_Sim/sim/simulation/modelsim/" for EDA simulation tool
Info: Generated file IIR_filter_6_1200mv_0c_vhd_slow.sdo in folder "/media/tesla/Storage/Linux/Scrivania/Progetti_work/git/ISA_lab/Lab1/4_Design_and_Sim/sim/simulation/modelsim/" for EDA simulation tool
Info: Generated file IIR_filter_min_1200mv_0c_vhd_fast.sdo in folder "/media/tesla/Storage/Linux/Scrivania/Progetti_work/git/ISA_lab/Lab1/4_Design_and_Sim/sim/simulation/modelsim/" for EDA simulation tool
Info: Generated file IIR_filter_vhd.sdo in folder "/media/tesla/Storage/Linux/Scrivania/Progetti_work/git/ISA_lab/Lab1/4_Design_and_Sim/sim/simulation/modelsim/" for EDA simulation tool
Info: Quartus II EDA Netlist Writer was successful. 0 errors, 0 warnings
    Info: Peak virtual memory: 262 megabytes
    Info: Processing ended: Mon Oct 21 12:27:09 2019
    Info: Elapsed time: 00:00:02
    Info: Total CPU time (on all processors): 00:00:02


